<?xml version="1.0" encoding="UTF-8"?>
<!-- Generated by org.testng.reporters.JUnitXMLReporter -->
<testsuite ignored="0" hostname="INL1YV86DF" failures="1" tests="1" name="Gala Bingo" time="21.97" errors="0" timestamp="2023-01-20T12:56:29 IST">
  <testcase classname="gala.GalaBingo" name="galaBingo" time="19.742">
    <failure type="org.openqa.selenium.NoSuchElementException" message="no such element: Unable to locate element: {&amp;quot;method&amp;quot;:&amp;quot;xpath&amp;quot;,&amp;quot;selector&amp;quot;:&amp;quot;//*[@class=&amp;apos;bingo-rooms&amp;apos;]/div[1]/div/bg-rooms-item-component/div/div/div[3]/div/span[2] | //*[@class=&amp;apos;bingo-rooms&amp;apos;]/div[1]/div/bg-rooms-item-component/div/div/div[4]/div/span[2] | //*[@class=&amp;apos;bingo-rooms&amp;apos;]/div[1]/div/bg-game-item-cozy-component/div/div/div[1]/div[1]/div[2]/div[2]/div[1]&amp;quot;}
  (Session info: chrome=109.0.5414.75)
For documentation on this error, please visit: https://www.seleniumhq.org/exceptions/no_such_element.html
Build info: version: &amp;apos;3.141.59&amp;apos;, revision: &amp;apos;e82be7d358&amp;apos;, time: &amp;apos;2018-11-14T08:17:03&amp;apos;
System info: host: &amp;apos;INL1YV86DF&amp;apos;, ip: &amp;apos;192.168.29.21&amp;apos;, os.name: &amp;apos;Windows 10&amp;apos;, os.arch: &amp;apos;amd64&amp;apos;, os.version: &amp;apos;10.0&amp;apos;, java.version: &amp;apos;17.0.4.1&amp;apos;
Driver info: org.openqa.selenium.chrome.ChromeDriver
Capabilities {acceptInsecureCerts: false, browserName: chrome, browserVersion: 109.0.5414.75, chrome: {chromedriverVersion: 109.0.5414.74 (e7c5703604da..., userDataDir: C:\Users\ADITHY~1.NER\AppDa...}, goog:chromeOptions: {debuggerAddress: localhost:50498}, javascriptEnabled: true, networkConnectionEnabled: false, pageLoadStrategy: normal, platform: WINDOWS, platformName: WINDOWS, proxy: Proxy(), setWindowRect: true, strictFileInteractability: false, timeouts: {implicit: 0, pageLoad: 300000, script: 30000}, unhandledPromptBehavior: dismiss and notify, webauthn:extension:credBlob: true, webauthn:extension:largeBlob: true, webauthn:virtualAuthenticators: true}
Session ID: 74c3c9b79d703c24b9816f2f8b249857
*** Element info: {Using=xpath, value=//*[@class=&amp;apos;bingo-rooms&amp;apos;]/div[1]/div/bg-rooms-item-component/div/div/div[3]/div/span[2] | //*[@class=&amp;apos;bingo-rooms&amp;apos;]/div[1]/div/bg-rooms-item-component/div/div/div[4]/div/span[2] | //*[@class=&amp;apos;bingo-rooms&amp;apos;]/div[1]/div/bg-game-item-cozy-component/div/div/div[1]/div[1]/div[2]/div[2]/div[1]}">
      <![CDATA[org.openqa.selenium.NoSuchElementException: no such element: Unable to locate element: {"method":"xpath","selector":"//*[@class='bingo-rooms']/div[1]/div/bg-rooms-item-component/div/div/div[3]/div/span[2] | //*[@class='bingo-rooms']/div[1]/div/bg-rooms-item-component/div/div/div[4]/div/span[2] | //*[@class='bingo-rooms']/div[1]/div/bg-game-item-cozy-component/div/div/div[1]/div[1]/div[2]/div[2]/div[1]"}
  (Session info: chrome=109.0.5414.75)
For documentation on this error, please visit: https://www.seleniumhq.org/exceptions/no_such_element.html
Build info: version: '3.141.59', revision: 'e82be7d358', time: '2018-11-14T08:17:03'
System info: host: 'INL1YV86DF', ip: '192.168.29.21', os.name: 'Windows 10', os.arch: 'amd64', os.version: '10.0', java.version: '17.0.4.1'
Driver info: org.openqa.selenium.chrome.ChromeDriver
Capabilities {acceptInsecureCerts: false, browserName: chrome, browserVersion: 109.0.5414.75, chrome: {chromedriverVersion: 109.0.5414.74 (e7c5703604da..., userDataDir: C:\Users\ADITHY~1.NER\AppDa...}, goog:chromeOptions: {debuggerAddress: localhost:50498}, javascriptEnabled: true, networkConnectionEnabled: false, pageLoadStrategy: normal, platform: WINDOWS, platformName: WINDOWS, proxy: Proxy(), setWindowRect: true, strictFileInteractability: false, timeouts: {implicit: 0, pageLoad: 300000, script: 30000}, unhandledPromptBehavior: dismiss and notify, webauthn:extension:credBlob: true, webauthn:extension:largeBlob: true, webauthn:virtualAuthenticators: true}
Session ID: 74c3c9b79d703c24b9816f2f8b249857
*** Element info: {Using=xpath, value=//*[@class='bingo-rooms']/div[1]/div/bg-rooms-item-component/div/div/div[3]/div/span[2] | //*[@class='bingo-rooms']/div[1]/div/bg-rooms-item-component/div/div/div[4]/div/span[2] | //*[@class='bingo-rooms']/div[1]/div/bg-game-item-cozy-component/div/div/div[1]/div[1]/div[2]/div[2]/div[1]}
at org.openqa.selenium.remote.http.W3CHttpResponseCodec.createException(W3CHttpResponseCodec.java:187)
at org.openqa.selenium.remote.http.W3CHttpResponseCodec.decode(W3CHttpResponseCodec.java:122)
at org.openqa.selenium.remote.http.W3CHttpResponseCodec.decode(W3CHttpResponseCodec.java:49)
at org.openqa.selenium.remote.HttpCommandExecutor.execute(HttpCommandExecutor.java:158)
at org.openqa.selenium.remote.service.DriverCommandExecutor.execute(DriverCommandExecutor.java:83)
at org.openqa.selenium.remote.RemoteWebDriver.execute(RemoteWebDriver.java:552)
at org.openqa.selenium.remote.RemoteWebDriver.findElement(RemoteWebDriver.java:323)
at org.openqa.selenium.remote.RemoteWebDriver.findElementByXPath(RemoteWebDriver.java:428)
at org.openqa.selenium.By$ByXPath.findElement(By.java:353)
at org.openqa.selenium.remote.RemoteWebDriver.findElement(RemoteWebDriver.java:315)
at reusables.GetGameList.gameData(GetGameList.java:30)
at gala.GalaBingo.galaBingo(GalaBingo.java:45)
at java.base/java.util.ArrayList.forEach(ArrayList.java:1511)
... Removed 32 stack frames]]>
    </failure>
  </testcase> <!-- galaBingo -->
</testsuite> <!-- Gala Bingo -->
